-------------------------------------------
Batch: 0
-------------------------------------------
+------+----+----+------+
|window|zone|view|unique|
+------+----+----+------+
+------+----+----+------+

-------------------------------------------
Batch: 1
-------------------------------------------
+------------------------------------------+------+----+------+
|window                                    |zone  |view|unique|
+------------------------------------------+------+----+------+
|[2018-04-01 16:20:47, 2018-04-01 16:20:49]|ru    |118 |116   |
|[2018-04-01 16:20:47, 2018-04-01 16:20:49]|not ru|34  |33    |
|[2018-04-01 16:20:48, 2018-04-01 16:20:50]|ru    |154 |143   |
|[2018-04-01 16:20:48, 2018-04-01 16:20:50]|not ru|46  |45    |
|[2018-04-01 16:20:49, 2018-04-01 16:20:51]|ru    |36  |31    |
|[2018-04-01 16:20:49, 2018-04-01 16:20:51]|not ru|12  |12    |
+------------------------------------------+------+----+------+

-------------------------------------------
Batch: 2
-------------------------------------------
+------------------------------------------+------+----+------+
|window                                    |zone  |view|unique|
+------------------------------------------+------+----+------+
|[2018-04-01 16:20:47, 2018-04-01 16:20:49]|ru    |134 |137   |
|[2018-04-01 16:20:47, 2018-04-01 16:20:49]|not ru|37  |35    |
|[2018-04-01 16:20:48, 2018-04-01 16:20:50]|ru    |192 |182   |
|[2018-04-01 16:20:48, 2018-04-01 16:20:50]|not ru|58  |54    |
|[2018-04-01 16:20:49, 2018-04-01 16:20:51]|ru    |58  |49    |
|[2018-04-01 16:20:49, 2018-04-01 16:20:51]|not ru|21  |20    |
+------------------------------------------+------+----+------+

-------------------------------------------
Batch: 3
-------------------------------------------
+------------------------------------------+------+----+------+
|window                                    |zone  |view|unique|
+------------------------------------------+------+----+------+
|[2018-04-01 16:20:47, 2018-04-01 16:20:49]|ru    |144 |149   |
|[2018-04-01 16:20:47, 2018-04-01 16:20:49]|not ru|41  |38    |
|[2018-04-01 16:20:48, 2018-04-01 16:20:50]|ru    |267 |262   |
|[2018-04-01 16:20:48, 2018-04-01 16:20:50]|not ru|83  |76    |
|[2018-04-01 16:20:49, 2018-04-01 16:20:51]|ru    |123 |110   |
|[2018-04-01 16:20:49, 2018-04-01 16:20:51]|not ru|42  |41    |
+------------------------------------------+------+----+------+

-------------------------------------------
Batch: 4
-------------------------------------------
+------------------------------------------+------+----+------+
|window                                    |zone  |view|unique|
+------------------------------------------+------+----+------+
|[2018-04-01 16:20:47, 2018-04-01 16:20:49]|ru    |148 |154   |
|[2018-04-01 16:20:47, 2018-04-01 16:20:49]|not ru|42  |39    |
|[2018-04-01 16:20:48, 2018-04-01 16:20:50]|ru    |302 |304   |
|[2018-04-01 16:20:48, 2018-04-01 16:20:50]|not ru|98  |91    |
|[2018-04-01 16:20:49, 2018-04-01 16:20:51]|ru    |154 |142   |
|[2018-04-01 16:20:49, 2018-04-01 16:20:51]|not ru|56  |54    |
+------------------------------------------+------+----+------+

-------------------------------------------
Batch: 5
-------------------------------------------
+------------------------------------------+------+----+------+
|window                                    |zone  |view|unique|
+------------------------------------------+------+----+------+
|[2018-04-01 16:20:47, 2018-04-01 16:20:49]|ru    |148 |154   |
|[2018-04-01 16:20:47, 2018-04-01 16:20:49]|not ru|42  |39    |
|[2018-04-01 16:20:48, 2018-04-01 16:20:50]|ru    |366 |365   |
|[2018-04-01 16:20:48, 2018-04-01 16:20:50]|not ru|123 |115   |
|[2018-04-01 16:20:49, 2018-04-01 16:20:51]|ru    |225 |202   |
|[2018-04-01 16:20:49, 2018-04-01 16:20:51]|not ru|85  |83    |
|[2018-04-01 16:20:50, 2018-04-01 16:20:52]|ru    |7   |3     |
|[2018-04-01 16:20:50, 2018-04-01 16:20:52]|not ru|4   |4     |
+------------------------------------------+------+----+------+

-------------------------------------------
Batch: 6
-------------------------------------------
+------------------------------------------+------+----+------+
|window                                    |zone  |view|unique|
+------------------------------------------+------+----+------+
|[2018-04-01 16:20:47, 2018-04-01 16:20:49]|ru    |148 |154   |
|[2018-04-01 16:20:47, 2018-04-01 16:20:49]|not ru|42  |39    |
|[2018-04-01 16:20:48, 2018-04-01 16:20:50]|ru    |386 |386   |
|[2018-04-01 16:20:48, 2018-04-01 16:20:50]|not ru|131 |123   |
|[2018-04-01 16:20:49, 2018-04-01 16:20:51]|ru    |259 |230   |
|[2018-04-01 16:20:49, 2018-04-01 16:20:51]|not ru|101 |99    |
|[2018-04-01 16:20:50, 2018-04-01 16:20:52]|ru    |21  |16    |
|[2018-04-01 16:20:50, 2018-04-01 16:20:52]|not ru|12  |12    |
+------------------------------------------+------+----+------+

-------------------------------------------
Batch: 7
-------------------------------------------
+------------------------------------------+------+----+------+
|window                                    |zone  |view|unique|
+------------------------------------------+------+----+------+
|[2018-04-01 16:20:47, 2018-04-01 16:20:49]|ru    |148 |154   |
|[2018-04-01 16:20:47, 2018-04-01 16:20:49]|not ru|42  |39    |
|[2018-04-01 16:20:48, 2018-04-01 16:20:50]|ru    |441 |428   |
|[2018-04-01 16:20:48, 2018-04-01 16:20:50]|not ru|147 |137   |
|[2018-04-01 16:20:49, 2018-04-01 16:20:51]|ru    |338 |291   |
|[2018-04-01 16:20:49, 2018-04-01 16:20:51]|not ru|122 |118   |
|[2018-04-01 16:20:50, 2018-04-01 16:20:52]|ru    |45  |38    |
|[2018-04-01 16:20:50, 2018-04-01 16:20:52]|not ru|17  |17    |
+------------------------------------------+------+----+------+

-------------------------------------------
Batch: 8
-------------------------------------------
+------------------------------------------+------+----+------+
|window                                    |zone  |view|unique|
+------------------------------------------+------+----+------+
|[2018-04-01 16:20:47, 2018-04-01 16:20:49]|ru    |148 |154   |
|[2018-04-01 16:20:47, 2018-04-01 16:20:49]|not ru|42  |39    |
|[2018-04-01 16:20:48, 2018-04-01 16:20:50]|ru    |461 |442   |
|[2018-04-01 16:20:48, 2018-04-01 16:20:50]|not ru|157 |145   |
|[2018-04-01 16:20:49, 2018-04-01 16:20:51]|ru    |369 |316   |
|[2018-04-01 16:20:49, 2018-04-01 16:20:51]|not ru|141 |134   |
|[2018-04-01 16:20:50, 2018-04-01 16:20:52]|ru    |56  |49    |
|[2018-04-01 16:20:50, 2018-04-01 16:20:52]|not ru|26  |26    |
+------------------------------------------+------+----+------+

-------------------------------------------
Batch: 9
-------------------------------------------
+------------------------------------------+------+----+------+
|window                                    |zone  |view|unique|
+------------------------------------------+------+----+------+
|[2018-04-01 16:20:47, 2018-04-01 16:20:49]|ru    |148 |154   |
|[2018-04-01 16:20:47, 2018-04-01 16:20:49]|not ru|42  |39    |
|[2018-04-01 16:20:48, 2018-04-01 16:20:50]|ru    |489 |456   |
|[2018-04-01 16:20:48, 2018-04-01 16:20:50]|not ru|162 |149   |
|[2018-04-01 16:20:49, 2018-04-01 16:20:51]|ru    |448 |401   |
|[2018-04-01 16:20:49, 2018-04-01 16:20:51]|not ru|162 |154   |
|[2018-04-01 16:20:50, 2018-04-01 16:20:52]|ru    |107 |100   |
|[2018-04-01 16:20:50, 2018-04-01 16:20:52]|not ru|42  |42    |
+------------------------------------------+------+----+------+

-------------------------------------------
Batch: 10
-------------------------------------------
+------------------------------------------+------+----+------+
|window                                    |zone  |view|unique|
+------------------------------------------+------+----+------+
|[2018-04-01 16:20:47, 2018-04-01 16:20:49]|ru    |148 |154   |
|[2018-04-01 16:20:47, 2018-04-01 16:20:49]|not ru|42  |39    |
|[2018-04-01 16:20:48, 2018-04-01 16:20:50]|ru    |493 |461   |
|[2018-04-01 16:20:48, 2018-04-01 16:20:50]|not ru|162 |149   |
|[2018-04-01 16:20:49, 2018-04-01 16:20:51]|ru    |482 |435   |
|[2018-04-01 16:20:49, 2018-04-01 16:20:51]|not ru|178 |169   |
|[2018-04-01 16:20:50, 2018-04-01 16:20:52]|ru    |137 |132   |
|[2018-04-01 16:20:50, 2018-04-01 16:20:52]|not ru|58  |57    |
+------------------------------------------+------+----+------+

-------------------------------------------
Batch: 11
-------------------------------------------
+------------------------------------------+------+----+------+
|window                                    |zone  |view|unique|
+------------------------------------------+------+----+------+
|[2018-04-01 16:20:47, 2018-04-01 16:20:49]|ru    |148 |154   |
|[2018-04-01 16:20:47, 2018-04-01 16:20:49]|not ru|42  |39    |
|[2018-04-01 16:20:48, 2018-04-01 16:20:50]|ru    |498 |464   |
|[2018-04-01 16:20:48, 2018-04-01 16:20:50]|not ru|165 |151   |
|[2018-04-01 16:20:49, 2018-04-01 16:20:51]|ru    |544 |505   |
|[2018-04-01 16:20:49, 2018-04-01 16:20:51]|not ru|208 |198   |
|[2018-04-01 16:20:50, 2018-04-01 16:20:52]|ru    |198 |196   |
|[2018-04-01 16:20:50, 2018-04-01 16:20:52]|not ru|89  |86    |
|[2018-04-01 16:20:51, 2018-04-01 16:20:53]|not ru|4   |4     |
|[2018-04-01 16:20:51, 2018-04-01 16:20:53]|ru    |4   |4     |
+------------------------------------------+------+----+------+

-------------------------------------------
Batch: 12
-------------------------------------------
+------------------------------------------+------+----+------+
|window                                    |zone  |view|unique|
+------------------------------------------+------+----+------+
|[2018-04-01 16:20:47, 2018-04-01 16:20:49]|ru    |148 |154   |
|[2018-04-01 16:20:47, 2018-04-01 16:20:49]|not ru|42  |39    |
|[2018-04-01 16:20:48, 2018-04-01 16:20:50]|ru    |498 |464   |
|[2018-04-01 16:20:48, 2018-04-01 16:20:50]|not ru|165 |151   |
|[2018-04-01 16:20:49, 2018-04-01 16:20:51]|ru    |580 |530   |
|[2018-04-01 16:20:49, 2018-04-01 16:20:51]|not ru|216 |205   |
|[2018-04-01 16:20:50, 2018-04-01 16:20:52]|ru    |239 |241   |
|[2018-04-01 16:20:50, 2018-04-01 16:20:52]|not ru|98  |93    |
|[2018-04-01 16:20:51, 2018-04-01 16:20:53]|ru    |9   |9     |
|[2018-04-01 16:20:51, 2018-04-01 16:20:53]|not ru|5   |5     |
+------------------------------------------+------+----+------+

-------------------------------------------
Batch: 13
-------------------------------------------
+------------------------------------------+------+----+------+
|window                                    |zone  |view|unique|
+------------------------------------------+------+----+------+
|[2018-04-01 16:20:47, 2018-04-01 16:20:49]|ru    |148 |154   |
|[2018-04-01 16:20:47, 2018-04-01 16:20:49]|not ru|42  |39    |
|[2018-04-01 16:20:48, 2018-04-01 16:20:50]|ru    |498 |464   |
|[2018-04-01 16:20:48, 2018-04-01 16:20:50]|not ru|165 |151   |
|[2018-04-01 16:20:49, 2018-04-01 16:20:51]|ru    |627 |568   |
|[2018-04-01 16:20:49, 2018-04-01 16:20:51]|not ru|234 |219   |
|[2018-04-01 16:20:50, 2018-04-01 16:20:52]|ru    |314 |318   |
|[2018-04-01 16:20:50, 2018-04-01 16:20:52]|not ru|123 |115   |
|[2018-04-01 16:20:51, 2018-04-01 16:20:53]|ru    |37  |36    |
|[2018-04-01 16:20:51, 2018-04-01 16:20:53]|not ru|12  |12    |
+------------------------------------------+------+----+------+

-------------------------------------------
Batch: 14
-------------------------------------------
+------------------------------------------+------+----+------+
|window                                    |zone  |view|unique|
+------------------------------------------+------+----+------+
|[2018-04-01 16:20:47, 2018-04-01 16:20:49]|ru    |148 |154   |
|[2018-04-01 16:20:47, 2018-04-01 16:20:49]|not ru|42  |39    |
|[2018-04-01 16:20:48, 2018-04-01 16:20:50]|ru    |498 |464   |
|[2018-04-01 16:20:48, 2018-04-01 16:20:50]|not ru|165 |151   |
|[2018-04-01 16:20:49, 2018-04-01 16:20:51]|ru    |655 |599   |
|[2018-04-01 16:20:49, 2018-04-01 16:20:51]|not ru|245 |233   |
|[2018-04-01 16:20:50, 2018-04-01 16:20:52]|ru    |351 |357   |
|[2018-04-01 16:20:50, 2018-04-01 16:20:52]|not ru|136 |130   |
|[2018-04-01 16:20:51, 2018-04-01 16:20:53]|ru    |46  |45    |
|[2018-04-01 16:20:51, 2018-04-01 16:20:53]|not ru|14  |14    |
+------------------------------------------+------+----+------+

-------------------------------------------
Batch: 15
-------------------------------------------
+------------------------------------------+------+----+------+
|window                                    |zone  |view|unique|
+------------------------------------------+------+----+------+
|[2018-04-01 16:20:47, 2018-04-01 16:20:49]|ru    |148 |154   |
|[2018-04-01 16:20:47, 2018-04-01 16:20:49]|not ru|42  |39    |
|[2018-04-01 16:20:48, 2018-04-01 16:20:50]|ru    |498 |464   |
|[2018-04-01 16:20:48, 2018-04-01 16:20:50]|not ru|165 |151   |
|[2018-04-01 16:20:49, 2018-04-01 16:20:51]|ru    |688 |642   |
|[2018-04-01 16:20:49, 2018-04-01 16:20:51]|not ru|255 |245   |
|[2018-04-01 16:20:50, 2018-04-01 16:20:52]|ru    |427 |435   |
|[2018-04-01 16:20:50, 2018-04-01 16:20:52]|not ru|160 |155   |
|[2018-04-01 16:20:51, 2018-04-01 16:20:53]|ru    |89  |88    |
|[2018-04-01 16:20:51, 2018-04-01 16:20:53]|not ru|28  |28    |
+------------------------------------------+------+----+------+

-------------------------------------------
Batch: 16
-------------------------------------------
+------------------------------------------+------+----+------+
|window                                    |zone  |view|unique|
+------------------------------------------+------+----+------+
|[2018-04-01 16:20:47, 2018-04-01 16:20:49]|ru    |148 |154   |
|[2018-04-01 16:20:47, 2018-04-01 16:20:49]|not ru|42  |39    |
|[2018-04-01 16:20:48, 2018-04-01 16:20:50]|ru    |498 |464   |
|[2018-04-01 16:20:48, 2018-04-01 16:20:50]|not ru|165 |151   |
|[2018-04-01 16:20:49, 2018-04-01 16:20:51]|ru    |695 |642   |
|[2018-04-01 16:20:49, 2018-04-01 16:20:51]|not ru|255 |245   |
|[2018-04-01 16:20:50, 2018-04-01 16:20:52]|ru    |465 |464   |
|[2018-04-01 16:20:50, 2018-04-01 16:20:52]|not ru|172 |169   |
|[2018-04-01 16:20:51, 2018-04-01 16:20:53]|ru    |120 |118   |
|[2018-04-01 16:20:51, 2018-04-01 16:20:53]|not ru|40  |41    |
+------------------------------------------+------+----+------+

-------------------------------------------
Batch: 17
-------------------------------------------
+------------------------------------------+------+----+------+
|window                                    |zone  |view|unique|
+------------------------------------------+------+----+------+
|[2018-04-01 16:20:47, 2018-04-01 16:20:49]|ru    |148 |154   |
|[2018-04-01 16:20:47, 2018-04-01 16:20:49]|not ru|42  |39    |
|[2018-04-01 16:20:48, 2018-04-01 16:20:50]|ru    |498 |464   |
|[2018-04-01 16:20:48, 2018-04-01 16:20:50]|not ru|165 |151   |
|[2018-04-01 16:20:49, 2018-04-01 16:20:51]|ru    |702 |653   |
|[2018-04-01 16:20:49, 2018-04-01 16:20:51]|not ru|259 |249   |
|[2018-04-01 16:20:50, 2018-04-01 16:20:52]|ru    |535 |544   |
|[2018-04-01 16:20:50, 2018-04-01 16:20:52]|not ru|202 |195   |
|[2018-04-01 16:20:51, 2018-04-01 16:20:53]|ru    |183 |185   |
|[2018-04-01 16:20:51, 2018-04-01 16:20:53]|not ru|66  |68    |
+------------------------------------------+------+----+------+












