db86ebe901684d5511,5f4f992d02efb6bc8e,b5d9055102e07ccb24,74fe0e3d0213274bd3	
ef413e4f02f6340b6b,c4d379ce020a254aa6,cb64292002f45fe84f,2aa213980143d97e40	
0e3bc64002c362310e	
3e4f8c3d012807d3d3,1699f0fa019dc2192f,dda93bd402a8228a1e,84877eef02cc5b6bbd	
6bf936830273d76b98	
ef52d2ae011b58b1dc,5f70810a0234dd1ae5	
efefa4260132805de9,6df0788601c3b54d4a,fce8128202a8bae367	
5943c40601586eb606,c5e4f4fb019cf3613c,d920a673021567d30f,ff1baeb401deb0dacf	
94ab25e4029d74d9c5,3942d6ec02e52d31d9,05e3540c020ef8f0e5,798570820119d282bd	
800a9f89028f07796e,9f2d8afd026db4f91a	
bd65d0e50222c8ee92,d727d0e60267d51988,7874f2be01116cdeea,1611413a024da554c2,3a88c9cf0107a39846	
6d1be615021fa3960f,7b8014ac013fce96a1	
4aa4a60601cd537e4a,33b547e3022a724fda,e9bf0ed7015bce0e14	
308c4e3701d4bc3a86	
1ce6ec180129fdb45d,9164333c026069a2bd	
f7bfbbd902885f2865,5101348701d58ab085,b2a17506013b0c36a4	
10543707023ca61137,773ae26402d8c5a0b0	
f223808401b58f8f0d,339aee0d02bdade3ff,9aff03cf01c6623465	
be96b6e20199afddec,1af779a201c372a5d8,ee8861430292cf7afb	
e50709a501014311d9,c473977d02cbb3b4bd,804b129e02865c7e4f	
3034b20702e67f7e8e,86759410022d967bbc,f571bfb301cfc9e6e0	
d117783f015f15cc71	
d430f78302575978ec	
72c9602b01aa51d6e5,bf5e67440151780c2f,3f803c25025b037911,18bf03df011990f47e	
122e0724014c0cb535,59f8a85702ca7bf849	
ee5f6817022bad48a9,aa4e2d8401ebb8b2c5,174db18e01a6ce3840	
e99a219a01b2f23f13	
674e00f101cd0df9f6,1c0be59402e8357aca,53b56076018f40bce5	
777877a50229cb36df,58f036f1013b01478d	
954355bd01b5c3454b	
a83de613024a65ebef,30362a71010664d762,d0564680025a0df391,0cc3ed3e017b3672e5	
ec47251202fdd24f5a,42f300e10147b7c35b,d660a0ef02c1b2f9e3	
b1dcb74301bf2353da,75d14b0902bc2a872f,b061bc8d017310e2cf	
24d77e7302fa18476c,c54c3a8201acd09c97	
5802fee602a6dd3bda,00824d8f027e0937a3	
c9493f2501068afd5c,94a986c40281f20323,bc30225401bb349783,d241f43602b6bec331	
605521280110ee39ab	
1cc055fa02d0335e53,d194374a02c165a7eb,01d1e2ac0179205f99,96f53311020c1a301f,b5c7344f01078a24ee	
a7d3e3be023dc97297,05b44b4e01a1570bf7,4d60509601d6a034e3	
c1f04b5001a62ce060,45ecfb9f01e4767180,d686412c02ba612aa5	
4fff5015011fa9a4d3,cdb790d402d56ad63a,016ca61e01ab360813	
ea551b6c029f7870a2,0d2821170258b15b30,34ec5082025dd364f2	
616003fd0156a5bb6a	
223ebf1102f6f2fda1,3adf101401cc99a0d6,d50f873c0140e8dfde,a5cfa0f70134e031a4,71aeacdf02f75c231b	
7397961e02e9a22a4c,74ddb2b30256c9ff32,631ea4a5016463d5a4	
ad991c4402ffc115cf	
def60a1402e05f0efe,8e47e42b0188b65ad3,efdb75c0025504ade1	
d187f74d02530c484c,e89457c80281180eca	
ed8b674102d57c911b	
c8c4c34702e9794d91,01644ca302888820b7	
